[25-Sep-2014 14:30:02 UTC] PHP Notice:  Undefined variable: value in /srv/www/greatermedia/htdocs/wp-content/plugins/breaking-news/breaking_news.php on line 105
[25-Sep-2014 14:30:02 UTC] PHP Notice:  Undefined variable: value in /srv/www/greatermedia/htdocs/wp-content/plugins/breaking-news/breaking_news.php on line 106
[25-Sep-2014 14:30:02 UTC] PHP Notice:  Undefined variable: value in /srv/www/greatermedia/htdocs/wp-content/plugins/breaking-news/breaking_news.php on line 105
[25-Sep-2014 14:30:02 UTC] PHP Notice:  Undefined variable: value in /srv/www/greatermedia/htdocs/wp-content/plugins/breaking-news/breaking_news.php on line 106
[25-Sep-2014 14:30:27 UTC] PHP Notice:  Undefined index: breaking_news_option in /srv/www/greatermedia/htdocs/wp-content/plugins/breaking-news/breaking_news.php on line 103
[25-Sep-2014 14:30:27 UTC] PHP Notice:  Undefined variable: value in /srv/www/greatermedia/htdocs/wp-content/plugins/breaking-news/breaking_news.php on line 106
[25-Sep-2014 14:30:27 UTC] PHP Notice:  Undefined variable: value in /srv/www/greatermedia/htdocs/wp-content/plugins/breaking-news/breaking_news.php on line 107
[25-Sep-2014 14:32:16 UTC] PHP Notice:  Undefined index: site_wide_notification_option in /srv/www/greatermedia/htdocs/wp-content/plugins/breaking-news/breaking_news.php on line 103
[25-Sep-2014 14:32:18 UTC] PHP Notice:  Undefined index: breaking_news_option in /srv/www/greatermedia/htdocs/wp-content/plugins/breaking-news/breaking_news.php on line 102
[25-Sep-2014 14:32:18 UTC] PHP Notice:  Undefined index: site_wide_notification_option in /srv/www/greatermedia/htdocs/wp-content/plugins/breaking-news/breaking_news.php on line 103
[25-Sep-2014 14:32:20 UTC] PHP Notice:  Undefined index: breaking_news_option in /srv/www/greatermedia/htdocs/wp-content/plugins/breaking-news/breaking_news.php on line 102
[25-Sep-2014 14:44:21 UTC] PHP Fatal error:  Cannot redeclare Breaking_News::show_breaking_news_banner() in /srv/www/greatermedia/htdocs/wp-content/plugins/breaking-news/breaking_news.php on line 121
[25-Sep-2014 14:44:25 UTC] PHP Fatal error:  Cannot redeclare Breaking_News::show_breaking_news_banner() in /srv/www/greatermedia/htdocs/wp-content/plugins/breaking-news/breaking_news.php on line 121
[25-Sep-2014 14:44:36 UTC] PHP Fatal error:  Cannot redeclare Breaking_News::show_breaking_news_banner() in /srv/www/greatermedia/htdocs/wp-content/plugins/breaking-news/breaking_news.php on line 121
[25-Sep-2014 14:44:51 UTC] PHP Fatal error:  Class 'GMI_Gigya_Share' not found in /srv/www/greatermedia/htdocs/wp-content/themes/greatermedia-prototype/single.php on line 18
[25-Sep-2014 14:45:05 UTC] PHP Fatal error:  Class 'GMI_Gigya_Share' not found in /srv/www/greatermedia/htdocs/wp-content/themes/greatermedia-prototype/single.php on line 18
[25-Sep-2014 14:46:17 UTC] PHP Fatal error:  Class 'GMI_Gigya_Share' not found in /srv/www/greatermedia/htdocs/wp-content/themes/greatermedia-prototype/single.php on line 18
[25-Sep-2014 14:48:20 UTC] PHP Notice:  Undefined index: breaking_news_option in /srv/www/greatermedia/htdocs/wp-content/plugins/breaking-news/breaking_news.php on line 104
[25-Sep-2014 14:51:52 UTC] PHP Fatal error:  Class 'GMI_Gigya_Share' not found in /srv/www/greatermedia/htdocs/wp-content/themes/greatermedia-prototype/single.php on line 18
[25-Sep-2014 14:52:05 UTC] PHP Fatal error:  Class 'GMI_Gigya_Share' not found in /srv/www/greatermedia/htdocs/wp-content/themes/greatermedia-prototype/single.php on line 18
[25-Sep-2014 14:52:14 UTC] PHP Fatal error:  Class 'GMI_Gigya_Share' not found in /srv/www/greatermedia/htdocs/wp-content/themes/greatermedia-prototype/single.php on line 18
[25-Sep-2014 14:52:21 UTC] PHP Fatal error:  Class 'GMI_Gigya_Share' not found in /srv/www/greatermedia/htdocs/wp-content/themes/greatermedia-prototype/single.php on line 18
[25-Sep-2014 14:52:27 UTC] PHP Fatal error:  Class 'GMI_Gigya_Share' not found in /srv/www/greatermedia/htdocs/wp-content/themes/greatermedia-prototype/single.php on line 18
[25-Sep-2014 14:52:40 UTC] PHP Fatal error:  Class 'GMI_Gigya_Share' not found in /srv/www/greatermedia/htdocs/wp-content/themes/greatermedia-prototype/single.php on line 18
[25-Sep-2014 14:52:47 UTC] PHP Fatal error:  Class 'GMI_Gigya_Share' not found in /srv/www/greatermedia/htdocs/wp-content/themes/greatermedia-prototype/single.php on line 18
[25-Sep-2014 14:53:09 UTC] PHP Fatal error:  Class 'GMI_Gigya_Share' not found in /srv/www/greatermedia/htdocs/wp-content/themes/greatermedia-prototype/single.php on line 18
[25-Sep-2014 14:53:24 UTC] PHP Fatal error:  Class 'GMI_Gigya_Share' not found in /srv/www/greatermedia/htdocs/wp-content/themes/greatermedia-prototype/single.php on line 18
[25-Sep-2014 14:53:41 UTC] PHP Fatal error:  Class 'GMI_Gigya_Share' not found in /srv/www/greatermedia/htdocs/wp-content/themes/greatermedia-prototype/single.php on line 18
[25-Sep-2014 14:54:17 UTC] PHP Fatal error:  Class 'GMI_Gigya_Share' not found in /srv/www/greatermedia/htdocs/wp-content/themes/greatermedia-prototype/single.php on line 18
[25-Sep-2014 14:54:54 UTC] PHP Fatal error:  Class 'GMI_Gigya_Share' not found in /srv/www/greatermedia/htdocs/wp-content/themes/greatermedia-prototype/single.php on line 18
[25-Sep-2014 15:02:56 UTC] PHP Parse error:  syntax error, unexpected '$query' (T_VARIABLE), expecting ')' in /srv/www/greatermedia/htdocs/wp-content/plugins/breaking-news/breaking_news.php on line 133
[25-Sep-2014 15:03:04 UTC] PHP Parse error:  syntax error, unexpected ';', expecting ')' in /srv/www/greatermedia/htdocs/wp-content/plugins/breaking-news/breaking_news.php on line 131
[25-Sep-2014 15:03:22 UTC] PHP Parse error:  syntax error, unexpected '}', expecting ')' in /srv/www/greatermedia/htdocs/wp-content/plugins/breaking-news/breaking_news.php on line 131
[25-Sep-2014 15:10:54 UTC] PHP Notice:  Undefined variable: publications in /srv/www/greatermedia/htdocs/wp-content/plugins/breaking-news/breaking_news.php on line 136
[25-Sep-2014 15:10:54 UTC] PHP Fatal error:  Call to a member function have_posts() on a non-object in /srv/www/greatermedia/htdocs/wp-content/plugins/breaking-news/breaking_news.php on line 136
[25-Sep-2014 15:11:03 UTC] PHP Fatal error:  Class 'GMI_Gigya_Share' not found in /srv/www/greatermedia/htdocs/wp-content/themes/greatermedia-prototype/single.php on line 18
[25-Sep-2014 15:11:17 UTC] PHP Fatal error:  Class 'GMI_Gigya_Share' not found in /srv/www/greatermedia/htdocs/wp-content/themes/greatermedia-prototype/single.php on line 18
[25-Sep-2014 15:12:08 UTC] PHP Fatal error:  Class 'GMI_Gigya_Share' not found in /srv/www/greatermedia/htdocs/wp-content/themes/greatermedia-prototype/single.php on line 18
[25-Sep-2014 15:13:03 UTC] PHP Fatal error:  Class 'GMI_Gigya_Share' not found in /srv/www/greatermedia/htdocs/wp-content/themes/greatermedia-prototype/single.php on line 18
[25-Sep-2014 15:13:13 UTC] PHP Fatal error:  Class 'GMI_Gigya_Share' not found in /srv/www/greatermedia/htdocs/wp-content/themes/greatermedia-prototype/single.php on line 18
[25-Sep-2014 15:17:09 UTC] PHP Notice:  Undefined index: breaking_news_option in /srv/www/greatermedia/htdocs/wp-content/plugins/breaking-news/breaking_news.php on line 104
[25-Sep-2014 15:17:09 UTC] PHP Notice:  Undefined index: site_wide_notification_option in /srv/www/greatermedia/htdocs/wp-content/plugins/breaking-news/breaking_news.php on line 105
[25-Sep-2014 15:17:11 UTC] PHP Fatal error:  Class 'GMI_Gigya_Share' not found in /srv/www/greatermedia/htdocs/wp-content/themes/greatermedia-prototype/single.php on line 18
[25-Sep-2014 15:17:24 UTC] PHP Notice:  Undefined index: site_wide_notification_option in /srv/www/greatermedia/htdocs/wp-content/plugins/breaking-news/breaking_news.php on line 105
[25-Sep-2014 15:17:24 UTC] PHP Notice:  Undefined index: site_wide_notification_option in /srv/www/greatermedia/htdocs/wp-content/plugins/breaking-news/breaking_news.php on line 105
[25-Sep-2014 15:17:26 UTC] PHP Fatal error:  Class 'GMI_Gigya_Share' not found in /srv/www/greatermedia/htdocs/wp-content/themes/greatermedia-prototype/single.php on line 18
[25-Sep-2014 15:17:43 UTC] PHP Fatal error:  Class 'GMI_Gigya_Share' not found in /srv/www/greatermedia/htdocs/wp-content/themes/greatermedia-prototype/single.php on line 18
[25-Sep-2014 15:17:52 UTC] PHP Notice:  Undefined index: site_wide_notification_option in /srv/www/greatermedia/htdocs/wp-content/plugins/breaking-news/breaking_news.php on line 105
[25-Sep-2014 15:17:54 UTC] PHP Fatal error:  Class 'GMI_Gigya_Share' not found in /srv/www/greatermedia/htdocs/wp-content/themes/greatermedia-prototype/single.php on line 18
[25-Sep-2014 15:18:17 UTC] PHP Fatal error:  Class 'GMI_Gigya_Share' not found in /srv/www/greatermedia/htdocs/wp-content/themes/greatermedia-prototype/single.php on line 18
[25-Sep-2014 15:18:26 UTC] PHP Fatal error:  Class 'GMI_Gigya_Share' not found in /srv/www/greatermedia/htdocs/wp-content/themes/greatermedia-prototype/single.php on line 18
[25-Sep-2014 15:18:34 UTC] PHP Notice:  Undefined index: site_wide_notification_option in /srv/www/greatermedia/htdocs/wp-content/plugins/breaking-news/breaking_news.php on line 105
[25-Sep-2014 15:18:36 UTC] PHP Fatal error:  Class 'GMI_Gigya_Share' not found in /srv/www/greatermedia/htdocs/wp-content/themes/greatermedia-prototype/single.php on line 18
[25-Sep-2014 15:18:43 UTC] PHP Notice:  Undefined index: site_wide_notification_option in /srv/www/greatermedia/htdocs/wp-content/plugins/breaking-news/breaking_news.php on line 105
[25-Sep-2014 15:18:44 UTC] PHP Fatal error:  Class 'GMI_Gigya_Share' not found in /srv/www/greatermedia/htdocs/wp-content/themes/greatermedia-prototype/single.php on line 18
[25-Sep-2014 15:33:51 UTC] PHP Fatal error:  Class 'GMI_Gigya_Share' not found in /srv/www/greatermedia/htdocs/wp-content/themes/greatermedia-prototype/single.php on line 18
[25-Sep-2014 15:44:57 UTC] PHP Warning:  call_user_func_array() expects parameter 1 to be a valid callback, class 'Breaking_News' does not have a method 'breaking_news_enqueue_scripts' in /srv/www/greatermedia/htdocs/wp-includes/plugin.php on line 505
[25-Sep-2014 15:44:57 UTC] PHP Fatal error:  Class 'GMI_Gigya_Share' not found in /srv/www/greatermedia/htdocs/wp-content/themes/greatermedia-prototype/single.php on line 18
[25-Sep-2014 15:45:07 UTC] PHP Fatal error:  Class 'GMI_Gigya_Share' not found in /srv/www/greatermedia/htdocs/wp-content/themes/greatermedia-prototype/single.php on line 18
[25-Sep-2014 15:45:27 UTC] PHP Fatal error:  Class 'GMI_Gigya_Share' not found in /srv/www/greatermedia/htdocs/wp-content/themes/greatermedia-prototype/single.php on line 18
[25-Sep-2014 15:45:49 UTC] PHP Fatal error:  Class 'GMI_Gigya_Share' not found in /srv/www/greatermedia/htdocs/wp-content/themes/greatermedia-prototype/single.php on line 18
[25-Sep-2014 15:49:28 UTC] PHP Fatal error:  Class 'GMI_Gigya_Share' not found in /srv/www/greatermedia/htdocs/wp-content/themes/greatermedia-prototype/single.php on line 18
[25-Sep-2014 15:49:29 UTC] PHP Fatal error:  Class 'GMI_Gigya_Share' not found in /srv/www/greatermedia/htdocs/wp-content/themes/greatermedia-prototype/single.php on line 18
[25-Sep-2014 15:49:40 UTC] PHP Fatal error:  Class 'GMI_Gigya_Share' not found in /srv/www/greatermedia/htdocs/wp-content/themes/greatermedia-prototype/single.php on line 18
[25-Sep-2014 15:49:42 UTC] PHP Fatal error:  Class 'GMI_Gigya_Share' not found in /srv/www/greatermedia/htdocs/wp-content/themes/greatermedia-prototype/single.php on line 18
[25-Sep-2014 15:50:43 UTC] PHP Fatal error:  Class 'GMI_Gigya_Share' not found in /srv/www/greatermedia/htdocs/wp-content/themes/greatermedia-prototype/single.php on line 18
[25-Sep-2014 15:50:51 UTC] PHP Notice:  Undefined index: breaking_news_option in /srv/www/greatermedia/htdocs/wp-content/plugins/breaking-news/includes/class-breaking-news.php on line 71
[25-Sep-2014 15:50:53 UTC] PHP Fatal error:  Class 'GMI_Gigya_Share' not found in /srv/www/greatermedia/htdocs/wp-content/themes/greatermedia-prototype/single.php on line 18
[25-Sep-2014 15:50:56 UTC] PHP Notice:  Undefined index: breaking_news_option in /srv/www/greatermedia/htdocs/wp-content/plugins/breaking-news/includes/class-breaking-news.php on line 71
[25-Sep-2014 15:50:56 UTC] PHP Notice:  Undefined index: site_wide_notification_option in /srv/www/greatermedia/htdocs/wp-content/plugins/breaking-news/includes/class-breaking-news.php on line 72
[25-Sep-2014 15:50:58 UTC] PHP Fatal error:  Class 'GMI_Gigya_Share' not found in /srv/www/greatermedia/htdocs/wp-content/themes/greatermedia-prototype/single.php on line 18
[25-Sep-2014 15:51:30 UTC] PHP Fatal error:  Class 'GMI_Gigya_Share' not found in /srv/www/greatermedia/htdocs/wp-content/themes/greatermedia-prototype/single.php on line 18
[25-Sep-2014 16:34:18 UTC] PHP Fatal error:  Class 'GMI_Gigya_Share' not found in /srv/www/greatermedia/htdocs/wp-content/themes/greatermedia-prototype/single.php on line 18
[25-Sep-2014 16:39:42 UTC] PHP Fatal error:  Class 'GMI_Gigya_Share' not found in /srv/www/greatermedia/htdocs/wp-content/themes/greatermedia-prototype/single.php on line 18
[25-Sep-2014 16:40:19 UTC] PHP Fatal error:  Class 'GMI_Gigya_Share' not found in /srv/www/greatermedia/htdocs/wp-content/themes/greatermedia-prototype/single.php on line 18
[25-Sep-2014 16:40:44 UTC] PHP Fatal error:  Class 'GMI_Gigya_Share' not found in /srv/www/greatermedia/htdocs/wp-content/themes/greatermedia-prototype/single.php on line 18
[25-Sep-2014 16:41:41 UTC] PHP Fatal error:  Class 'GMI_Gigya_Share' not found in /srv/www/greatermedia/htdocs/wp-content/themes/greatermedia-prototype/single.php on line 18
[25-Sep-2014 16:42:11 UTC] PHP Fatal error:  Class 'GMI_Gigya_Share' not found in /srv/www/greatermedia/htdocs/wp-content/themes/greatermedia-prototype/single.php on line 18
[25-Sep-2014 16:42:12 UTC] PHP Fatal error:  Class 'GMI_Gigya_Share' not found in /srv/www/greatermedia/htdocs/wp-content/themes/greatermedia-prototype/single.php on line 18
[25-Sep-2014 16:42:57 UTC] PHP Fatal error:  Class 'GMI_Gigya_Share' not found in /srv/www/greatermedia/htdocs/wp-content/themes/greatermedia-prototype/single.php on line 18
[25-Sep-2014 16:42:58 UTC] PHP Fatal error:  Class 'GMI_Gigya_Share' not found in /srv/www/greatermedia/htdocs/wp-content/themes/greatermedia-prototype/single.php on line 18
[25-Sep-2014 16:42:59 UTC] PHP Fatal error:  Class 'GMI_Gigya_Share' not found in /srv/www/greatermedia/htdocs/wp-content/themes/greatermedia-prototype/single.php on line 18
[25-Sep-2014 16:42:59 UTC] PHP Fatal error:  Class 'GMI_Gigya_Share' not found in /srv/www/greatermedia/htdocs/wp-content/themes/greatermedia-prototype/single.php on line 18
[25-Sep-2014 16:43:00 UTC] PHP Fatal error:  Class 'GMI_Gigya_Share' not found in /srv/www/greatermedia/htdocs/wp-content/themes/greatermedia-prototype/single.php on line 18
[25-Sep-2014 16:43:00 UTC] PHP Fatal error:  Class 'GMI_Gigya_Share' not found in /srv/www/greatermedia/htdocs/wp-content/themes/greatermedia-prototype/single.php on line 18
[25-Sep-2014 16:46:52 UTC] PHP Fatal error:  Class 'GMI_Gigya_Share' not found in /srv/www/greatermedia/htdocs/wp-content/themes/greatermedia-prototype/single.php on line 18
[25-Sep-2014 16:47:03 UTC] PHP Fatal error:  Class 'GMI_Gigya_Share' not found in /srv/www/greatermedia/htdocs/wp-content/themes/greatermedia-prototype/single.php on line 18
[25-Sep-2014 17:13:40 UTC] PHP Fatal error:  Class 'GMI_Gigya_Share' not found in /srv/www/greatermedia/htdocs/wp-content/themes/greatermedia-prototype/single.php on line 18
[25-Sep-2014 18:30:05 UTC] PHP Fatal error:  Class 'GMI_Gigya_Share' not found in /srv/www/greatermedia/htdocs/wp-content/themes/greatermedia-prototype/single.php on line 18
[25-Sep-2014 18:43:45 UTC] PHP Fatal error:  Class 'GMI_Gigya_Share' not found in /srv/www/greatermedia/htdocs/wp-content/themes/greatermedia-prototype/single.php on line 18
[25-Sep-2014 18:43:48 UTC] PHP Fatal error:  Class 'GMI_Gigya_Share' not found in /srv/www/greatermedia/htdocs/wp-content/themes/greatermedia-prototype/single.php on line 18
[25-Sep-2014 18:43:59 UTC] PHP Fatal error:  Class 'GMI_Gigya_Share' not found in /srv/www/greatermedia/htdocs/wp-content/themes/greatermedia-prototype/single.php on line 18
[25-Sep-2014 18:57:28 UTC] PHP Notice:  Undefined index: site_wide_notification_option in /srv/www/greatermedia/htdocs/wp-content/plugins/breaking-news/includes/class-breaking-news.php on line 73
[26-Sep-2014 20:49:54 UTC] PHP Fatal error:  Cannot use object of type WP_Query as array in /srv/www/greatermedia/htdocs/wp-content/plugins/breaking-news/includes/class-breaking-news.php on line 192
[26-Sep-2014 20:54:07 UTC] PHP Notice:  Undefined index: breaking_news_option in /srv/www/greatermedia/htdocs/wp-content/plugins/breaking-news/includes/class-breaking-news.php on line 72
[29-Sep-2014 14:07:41 UTC] PHP Notice:  Undefined index: breaking_news_option in /srv/www/greatermedia/htdocs/wp-content/plugins/breaking-news/includes/class-breaking-news.php on line 86
[29-Sep-2014 14:07:41 UTC] PHP Notice:  Undefined index: site_wide_notification_option in /srv/www/greatermedia/htdocs/wp-content/plugins/breaking-news/includes/class-breaking-news.php on line 87
[29-Sep-2014 14:07:48 UTC] PHP Notice:  Undefined index: breaking_news_option in /srv/www/greatermedia/htdocs/wp-content/plugins/breaking-news/includes/class-breaking-news.php on line 86
[29-Sep-2014 14:18:08 UTC] PHP Notice:  Undefined index: site_wide_notification_option in /srv/www/greatermedia/htdocs/wp-content/plugins/breaking-news/includes/class-breaking-news.php on line 87
[29-Sep-2014 14:19:50 UTC] PHP Notice:  Undefined index: site_wide_notification_option in /srv/www/greatermedia/htdocs/wp-content/plugins/breaking-news/includes/class-breaking-news.php on line 87
[29-Sep-2014 14:20:14 UTC] PHP Notice:  Undefined index: breaking_news_option in /srv/www/greatermedia/htdocs/wp-content/plugins/breaking-news/includes/class-breaking-news.php on line 86
[29-Sep-2014 14:20:49 UTC] PHP Notice:  Undefined index: breaking_news_option in /srv/www/greatermedia/htdocs/wp-content/plugins/breaking-news/includes/class-breaking-news.php on line 86
[29-Sep-2014 14:20:55 UTC] PHP Notice:  Undefined index: breaking_news_option in /srv/www/greatermedia/htdocs/wp-content/plugins/breaking-news/includes/class-breaking-news.php on line 86
[29-Sep-2014 14:20:55 UTC] PHP Notice:  Undefined index: site_wide_notification_option in /srv/www/greatermedia/htdocs/wp-content/plugins/breaking-news/includes/class-breaking-news.php on line 87
[29-Sep-2014 14:27:35 UTC] PHP Parse error:  syntax error, unexpected 'public' (T_PUBLIC) in /srv/www/greatermedia/htdocs/wp-content/plugins/breaking-news/breaking-news.php on line 95
